2018-11-22 17:24:48 Notice: Notice (8): Trying to get property of non-object in [E:\xampp\htdocs\framework\cms\src\Model\Table\UsersTable.php, line 33]
Request URL: /admin/login?redirect=%2Fadmin%2Fhome
Referer URL: http://localhost/framework/cms/admin/login?redirect=%2Fadmin%2Fhome
Trace:
Cake\Error\BaseErrorHandler::handleError() - CORE\src\Error\BaseErrorHandler.php, line 159
Cake\Core\BasePlugin::{closure}() - ROOT\vendor\cakephp\debug_kit\config\bootstrap.php, line 42
App\Model\Table\UsersTable::findAuth() - APP/Model\Table\UsersTable.php, line 33
Cake\ORM\Table::callFinder() - CORE\src\ORM\Table.php, line 2413
Cake\ORM\Table::find() - CORE\src\ORM\Table.php, line 1360
Cake\Auth\BaseAuthenticate::_query() - CORE\src\Auth\BaseAuthenticate.php, line 186
Cake\Auth\BaseAuthenticate::_findUser() - CORE\src\Auth\BaseAuthenticate.php, line 117
Cake\Auth\FormAuthenticate::authenticate() - CORE\src\Auth\FormAuthenticate.php, line 88
Cake\Controller\Component\AuthComponent::identify() - CORE\src\Controller\Component\AuthComponent.php, line 824
App\Controller\Admin\UsersController::login() - APP/Controller\Admin\UsersController.php, line 25
Cake\Controller\Controller::invokeAction() - CORE\src\Controller\Controller.php, line 609
Cake\Http\ActionDispatcher::_invoke() - CORE\src\Http\ActionDispatcher.php, line 120
Cake\Http\ActionDispatcher::dispatch() - CORE\src\Http\ActionDispatcher.php, line 94
Cake\Http\BaseApplication::__invoke() - CORE\src\Http\BaseApplication.php, line 235
Cake\Http\Runner::__invoke() - CORE\src\Http\Runner.php, line 65
Cake\Http\Middleware\CsrfProtectionMiddleware::__invoke() - CORE\src\Http\Middleware\CsrfProtectionMiddleware.php, line 107
Cake\Http\Runner::__invoke() - CORE\src\Http\Runner.php, line 65
Cake\Routing\Middleware\RoutingMiddleware::__invoke() - CORE\src\Routing\Middleware\RoutingMiddleware.php, line 156
Cake\Http\Runner::__invoke() - CORE\src\Http\Runner.php, line 65
Cake\Routing\Middleware\AssetMiddleware::__invoke() - CORE\src\Routing\Middleware\AssetMiddleware.php, line 88
Cake\Http\Runner::__invoke() - CORE\src\Http\Runner.php, line 65
Cake\Error\Middleware\ErrorHandlerMiddleware::__invoke() - CORE\src\Error\Middleware\ErrorHandlerMiddleware.php, line 98
Cake\Http\Runner::__invoke() - CORE\src\Http\Runner.php, line 65
DebugKit\Middleware\DebugKitMiddleware::__invoke() - ROOT\vendor\cakephp\debug_kit\src\Middleware\DebugKitMiddleware.php, line 53
Cake\Http\Runner::__invoke() - CORE\src\Http\Runner.php, line 65
Cake\Http\Runner::run() - CORE\src\Http\Runner.php, line 51
Cake\Http\Server::run() - CORE\src\Http\Server.php, line 98
[main] - ROOT\webroot\index.php, line 40



2018-11-22 17:25:30 Notice: Notice (8): Undefined index: password in [E:\xampp\htdocs\framework\cms\src\Model\Table\UsersTable.php, line 33]
Request URL: /admin/login
Referer URL: http://localhost/framework/cms/admin/login?
Trace:
Cake\Error\BaseErrorHandler::handleError() - CORE\src\Error\BaseErrorHandler.php, line 159
Cake\Core\BasePlugin::{closure}() - ROOT\vendor\cakephp\debug_kit\config\bootstrap.php, line 42
App\Model\Table\UsersTable::findAuth() - APP/Model\Table\UsersTable.php, line 33
Cake\ORM\Table::callFinder() - CORE\src\ORM\Table.php, line 2413
Cake\ORM\Table::find() - CORE\src\ORM\Table.php, line 1360
Cake\Auth\BaseAuthenticate::_query() - CORE\src\Auth\BaseAuthenticate.php, line 186
Cake\Auth\BaseAuthenticate::_findUser() - CORE\src\Auth\BaseAuthenticate.php, line 117
Cake\Auth\FormAuthenticate::authenticate() - CORE\src\Auth\FormAuthenticate.php, line 88
Cake\Controller\Component\AuthComponent::identify() - CORE\src\Controller\Component\AuthComponent.php, line 824
App\Controller\Admin\UsersController::login() - APP/Controller\Admin\UsersController.php, line 25
Cake\Controller\Controller::invokeAction() - CORE\src\Controller\Controller.php, line 609
Cake\Http\ActionDispatcher::_invoke() - CORE\src\Http\ActionDispatcher.php, line 120
Cake\Http\ActionDispatcher::dispatch() - CORE\src\Http\ActionDispatcher.php, line 94
Cake\Http\BaseApplication::__invoke() - CORE\src\Http\BaseApplication.php, line 235
Cake\Http\Runner::__invoke() - CORE\src\Http\Runner.php, line 65
Cake\Http\Middleware\CsrfProtectionMiddleware::__invoke() - CORE\src\Http\Middleware\CsrfProtectionMiddleware.php, line 107
Cake\Http\Runner::__invoke() - CORE\src\Http\Runner.php, line 65
Cake\Routing\Middleware\RoutingMiddleware::__invoke() - CORE\src\Routing\Middleware\RoutingMiddleware.php, line 156
Cake\Http\Runner::__invoke() - CORE\src\Http\Runner.php, line 65
Cake\Routing\Middleware\AssetMiddleware::__invoke() - CORE\src\Routing\Middleware\AssetMiddleware.php, line 88
Cake\Http\Runner::__invoke() - CORE\src\Http\Runner.php, line 65
Cake\Error\Middleware\ErrorHandlerMiddleware::__invoke() - CORE\src\Error\Middleware\ErrorHandlerMiddleware.php, line 98
Cake\Http\Runner::__invoke() - CORE\src\Http\Runner.php, line 65
DebugKit\Middleware\DebugKitMiddleware::__invoke() - ROOT\vendor\cakephp\debug_kit\src\Middleware\DebugKitMiddleware.php, line 53
Cake\Http\Runner::__invoke() - CORE\src\Http\Runner.php, line 65
Cake\Http\Runner::run() - CORE\src\Http\Runner.php, line 51
Cake\Http\Server::run() - CORE\src\Http\Server.php, line 98
[main] - ROOT\webroot\index.php, line 40



2018-11-22 17:26:33 Notice: Notice (8): Trying to get property of non-object in [E:\xampp\htdocs\framework\cms\src\Model\Table\UsersTable.php, line 34]
Request URL: /admin/login
Referer URL: http://localhost/framework/cms/admin/login?
Trace:
Cake\Error\BaseErrorHandler::handleError() - CORE\src\Error\BaseErrorHandler.php, line 159
Cake\Core\BasePlugin::{closure}() - ROOT\vendor\cakephp\debug_kit\config\bootstrap.php, line 42
App\Model\Table\UsersTable::findAuth() - APP/Model\Table\UsersTable.php, line 34
Cake\ORM\Table::callFinder() - CORE\src\ORM\Table.php, line 2413
Cake\ORM\Table::find() - CORE\src\ORM\Table.php, line 1360
Cake\Auth\BaseAuthenticate::_query() - CORE\src\Auth\BaseAuthenticate.php, line 186
Cake\Auth\BaseAuthenticate::_findUser() - CORE\src\Auth\BaseAuthenticate.php, line 117
Cake\Auth\FormAuthenticate::authenticate() - CORE\src\Auth\FormAuthenticate.php, line 88
Cake\Controller\Component\AuthComponent::identify() - CORE\src\Controller\Component\AuthComponent.php, line 824
App\Controller\Admin\UsersController::login() - APP/Controller\Admin\UsersController.php, line 25
Cake\Controller\Controller::invokeAction() - CORE\src\Controller\Controller.php, line 609
Cake\Http\ActionDispatcher::_invoke() - CORE\src\Http\ActionDispatcher.php, line 120
Cake\Http\ActionDispatcher::dispatch() - CORE\src\Http\ActionDispatcher.php, line 94
Cake\Http\BaseApplication::__invoke() - CORE\src\Http\BaseApplication.php, line 235
Cake\Http\Runner::__invoke() - CORE\src\Http\Runner.php, line 65
Cake\Http\Middleware\CsrfProtectionMiddleware::__invoke() - CORE\src\Http\Middleware\CsrfProtectionMiddleware.php, line 107
Cake\Http\Runner::__invoke() - CORE\src\Http\Runner.php, line 65
Cake\Routing\Middleware\RoutingMiddleware::__invoke() - CORE\src\Routing\Middleware\RoutingMiddleware.php, line 156
Cake\Http\Runner::__invoke() - CORE\src\Http\Runner.php, line 65
Cake\Routing\Middleware\AssetMiddleware::__invoke() - CORE\src\Routing\Middleware\AssetMiddleware.php, line 88
Cake\Http\Runner::__invoke() - CORE\src\Http\Runner.php, line 65
Cake\Error\Middleware\ErrorHandlerMiddleware::__invoke() - CORE\src\Error\Middleware\ErrorHandlerMiddleware.php, line 98
Cake\Http\Runner::__invoke() - CORE\src\Http\Runner.php, line 65
DebugKit\Middleware\DebugKitMiddleware::__invoke() - ROOT\vendor\cakephp\debug_kit\src\Middleware\DebugKitMiddleware.php, line 53
Cake\Http\Runner::__invoke() - CORE\src\Http\Runner.php, line 65
Cake\Http\Runner::run() - CORE\src\Http\Runner.php, line 51
Cake\Http\Server::run() - CORE\src\Http\Server.php, line 98
[main] - ROOT\webroot\index.php, line 40



2018-11-22 17:26:55 Notice: Notice (8): Undefined index: password in [E:\xampp\htdocs\framework\cms\src\Model\Table\UsersTable.php, line 34]
Request URL: /admin/login
Referer URL: http://localhost/framework/cms/admin/login?
Trace:
Cake\Error\BaseErrorHandler::handleError() - CORE\src\Error\BaseErrorHandler.php, line 159
Cake\Core\BasePlugin::{closure}() - ROOT\vendor\cakephp\debug_kit\config\bootstrap.php, line 42
App\Model\Table\UsersTable::findAuth() - APP/Model\Table\UsersTable.php, line 34
Cake\ORM\Table::callFinder() - CORE\src\ORM\Table.php, line 2413
Cake\ORM\Table::find() - CORE\src\ORM\Table.php, line 1360
Cake\Auth\BaseAuthenticate::_query() - CORE\src\Auth\BaseAuthenticate.php, line 186
Cake\Auth\BaseAuthenticate::_findUser() - CORE\src\Auth\BaseAuthenticate.php, line 117
Cake\Auth\FormAuthenticate::authenticate() - CORE\src\Auth\FormAuthenticate.php, line 88
Cake\Controller\Component\AuthComponent::identify() - CORE\src\Controller\Component\AuthComponent.php, line 824
App\Controller\Admin\UsersController::login() - APP/Controller\Admin\UsersController.php, line 25
Cake\Controller\Controller::invokeAction() - CORE\src\Controller\Controller.php, line 609
Cake\Http\ActionDispatcher::_invoke() - CORE\src\Http\ActionDispatcher.php, line 120
Cake\Http\ActionDispatcher::dispatch() - CORE\src\Http\ActionDispatcher.php, line 94
Cake\Http\BaseApplication::__invoke() - CORE\src\Http\BaseApplication.php, line 235
Cake\Http\Runner::__invoke() - CORE\src\Http\Runner.php, line 65
Cake\Http\Middleware\CsrfProtectionMiddleware::__invoke() - CORE\src\Http\Middleware\CsrfProtectionMiddleware.php, line 107
Cake\Http\Runner::__invoke() - CORE\src\Http\Runner.php, line 65
Cake\Routing\Middleware\RoutingMiddleware::__invoke() - CORE\src\Routing\Middleware\RoutingMiddleware.php, line 156
Cake\Http\Runner::__invoke() - CORE\src\Http\Runner.php, line 65
Cake\Routing\Middleware\AssetMiddleware::__invoke() - CORE\src\Routing\Middleware\AssetMiddleware.php, line 88
Cake\Http\Runner::__invoke() - CORE\src\Http\Runner.php, line 65
Cake\Error\Middleware\ErrorHandlerMiddleware::__invoke() - CORE\src\Error\Middleware\ErrorHandlerMiddleware.php, line 98
Cake\Http\Runner::__invoke() - CORE\src\Http\Runner.php, line 65
DebugKit\Middleware\DebugKitMiddleware::__invoke() - ROOT\vendor\cakephp\debug_kit\src\Middleware\DebugKitMiddleware.php, line 53
Cake\Http\Runner::__invoke() - CORE\src\Http\Runner.php, line 65
Cake\Http\Runner::run() - CORE\src\Http\Runner.php, line 51
Cake\Http\Server::run() - CORE\src\Http\Server.php, line 98
[main] - ROOT\webroot\index.php, line 40



2018-11-22 17:27:12 Notice: Notice (8): Array to string conversion in [E:\xampp\htdocs\framework\cms\src\Model\Table\UsersTable.php, line 34]
Request URL: /admin/login
Referer URL: http://localhost/framework/cms/admin/login?
Trace:
Cake\Error\BaseErrorHandler::handleError() - CORE\src\Error\BaseErrorHandler.php, line 159
Cake\Core\BasePlugin::{closure}() - ROOT\vendor\cakephp\debug_kit\config\bootstrap.php, line 42
App\Model\Table\UsersTable::findAuth() - APP/Model\Table\UsersTable.php, line 34
Cake\ORM\Table::callFinder() - CORE\src\ORM\Table.php, line 2413
Cake\ORM\Table::find() - CORE\src\ORM\Table.php, line 1360
Cake\Auth\BaseAuthenticate::_query() - CORE\src\Auth\BaseAuthenticate.php, line 186
Cake\Auth\BaseAuthenticate::_findUser() - CORE\src\Auth\BaseAuthenticate.php, line 117
Cake\Auth\FormAuthenticate::authenticate() - CORE\src\Auth\FormAuthenticate.php, line 88
Cake\Controller\Component\AuthComponent::identify() - CORE\src\Controller\Component\AuthComponent.php, line 824
App\Controller\Admin\UsersController::login() - APP/Controller\Admin\UsersController.php, line 25
Cake\Controller\Controller::invokeAction() - CORE\src\Controller\Controller.php, line 609
Cake\Http\ActionDispatcher::_invoke() - CORE\src\Http\ActionDispatcher.php, line 120
Cake\Http\ActionDispatcher::dispatch() - CORE\src\Http\ActionDispatcher.php, line 94
Cake\Http\BaseApplication::__invoke() - CORE\src\Http\BaseApplication.php, line 235
Cake\Http\Runner::__invoke() - CORE\src\Http\Runner.php, line 65
Cake\Http\Middleware\CsrfProtectionMiddleware::__invoke() - CORE\src\Http\Middleware\CsrfProtectionMiddleware.php, line 107
Cake\Http\Runner::__invoke() - CORE\src\Http\Runner.php, line 65
Cake\Routing\Middleware\RoutingMiddleware::__invoke() - CORE\src\Routing\Middleware\RoutingMiddleware.php, line 156
Cake\Http\Runner::__invoke() - CORE\src\Http\Runner.php, line 65
Cake\Routing\Middleware\AssetMiddleware::__invoke() - CORE\src\Routing\Middleware\AssetMiddleware.php, line 88
Cake\Http\Runner::__invoke() - CORE\src\Http\Runner.php, line 65
Cake\Error\Middleware\ErrorHandlerMiddleware::__invoke() - CORE\src\Error\Middleware\ErrorHandlerMiddleware.php, line 98
Cake\Http\Runner::__invoke() - CORE\src\Http\Runner.php, line 65
DebugKit\Middleware\DebugKitMiddleware::__invoke() - ROOT\vendor\cakephp\debug_kit\src\Middleware\DebugKitMiddleware.php, line 53
Cake\Http\Runner::__invoke() - CORE\src\Http\Runner.php, line 65
Cake\Http\Runner::run() - CORE\src\Http\Runner.php, line 51
Cake\Http\Server::run() - CORE\src\Http\Server.php, line 98
[main] - ROOT\webroot\index.php, line 40



2018-11-22 17:28:02 Notice: Notice (8): Trying to get property of non-object in [E:\xampp\htdocs\framework\cms\src\Model\Table\UsersTable.php, line 35]
Request URL: /admin/login
Referer URL: http://localhost/framework/cms/admin/login?
Trace:
Cake\Error\BaseErrorHandler::handleError() - CORE\src\Error\BaseErrorHandler.php, line 159
Cake\Core\BasePlugin::{closure}() - ROOT\vendor\cakephp\debug_kit\config\bootstrap.php, line 42
App\Model\Table\UsersTable::findAuth() - APP/Model\Table\UsersTable.php, line 35
Cake\ORM\Table::callFinder() - CORE\src\ORM\Table.php, line 2413
Cake\ORM\Table::find() - CORE\src\ORM\Table.php, line 1360
Cake\Auth\BaseAuthenticate::_query() - CORE\src\Auth\BaseAuthenticate.php, line 186
Cake\Auth\BaseAuthenticate::_findUser() - CORE\src\Auth\BaseAuthenticate.php, line 117
Cake\Auth\FormAuthenticate::authenticate() - CORE\src\Auth\FormAuthenticate.php, line 88
Cake\Controller\Component\AuthComponent::identify() - CORE\src\Controller\Component\AuthComponent.php, line 824
App\Controller\Admin\UsersController::login() - APP/Controller\Admin\UsersController.php, line 25
Cake\Controller\Controller::invokeAction() - CORE\src\Controller\Controller.php, line 609
Cake\Http\ActionDispatcher::_invoke() - CORE\src\Http\ActionDispatcher.php, line 120
Cake\Http\ActionDispatcher::dispatch() - CORE\src\Http\ActionDispatcher.php, line 94
Cake\Http\BaseApplication::__invoke() - CORE\src\Http\BaseApplication.php, line 235
Cake\Http\Runner::__invoke() - CORE\src\Http\Runner.php, line 65
Cake\Http\Middleware\CsrfProtectionMiddleware::__invoke() - CORE\src\Http\Middleware\CsrfProtectionMiddleware.php, line 107
Cake\Http\Runner::__invoke() - CORE\src\Http\Runner.php, line 65
Cake\Routing\Middleware\RoutingMiddleware::__invoke() - CORE\src\Routing\Middleware\RoutingMiddleware.php, line 156
Cake\Http\Runner::__invoke() - CORE\src\Http\Runner.php, line 65
Cake\Routing\Middleware\AssetMiddleware::__invoke() - CORE\src\Routing\Middleware\AssetMiddleware.php, line 88
Cake\Http\Runner::__invoke() - CORE\src\Http\Runner.php, line 65
Cake\Error\Middleware\ErrorHandlerMiddleware::__invoke() - CORE\src\Error\Middleware\ErrorHandlerMiddleware.php, line 98
Cake\Http\Runner::__invoke() - CORE\src\Http\Runner.php, line 65
DebugKit\Middleware\DebugKitMiddleware::__invoke() - ROOT\vendor\cakephp\debug_kit\src\Middleware\DebugKitMiddleware.php, line 53
Cake\Http\Runner::__invoke() - CORE\src\Http\Runner.php, line 65
Cake\Http\Runner::run() - CORE\src\Http\Runner.php, line 51
Cake\Http\Server::run() - CORE\src\Http\Server.php, line 98
[main] - ROOT\webroot\index.php, line 40



